[debug] [2019-06-07T21:20:58.230Z] ----------------------------------------------------------------------
[debug] [2019-06-07T21:20:58.235Z] Command:       /Users/savasakhro/.nvm/versions/node/v11.6.0/bin/node /Users/savasakhro/.nvm/versions/node/v11.6.0/bin/firebase deploy --only hosting
[debug] [2019-06-07T21:20:58.235Z] CLI Version:   6.11.0
[debug] [2019-06-07T21:20:58.236Z] Platform:      darwin
[debug] [2019-06-07T21:20:58.236Z] Node Version:  v11.6.0
[debug] [2019-06-07T21:20:58.237Z] Time:          Fri Jun 07 2019 23:20:58 GMT+0200 (Central European Summer Time)
[debug] [2019-06-07T21:20:58.237Z] ----------------------------------------------------------------------
[debug] 
[debug] [2019-06-07T21:20:58.262Z] > command requires scopes: ["email","openid","https://www.googleapis.com/auth/cloudplatformprojects.readonly","https://www.googleapis.com/auth/firebase","https://www.googleapis.com/auth/cloud-platform"]
[debug] [2019-06-07T21:20:58.263Z] > authorizing via signed-in user
[debug] [2019-06-07T21:20:58.263Z] [iam] checking project sakhro-art-prod for permissions ["firebase.projects.get","firebasehosting.sites.update"]
[debug] [2019-06-07T21:20:58.266Z] > refreshing access token with scopes: ["email","https://www.googleapis.com/auth/cloud-platform","https://www.googleapis.com/auth/cloudplatformprojects.readonly","https://www.googleapis.com/auth/firebase","openid"]
[debug] [2019-06-07T21:20:58.267Z] >>> HTTP REQUEST POST https://www.googleapis.com/oauth2/v3/token  
 <request body omitted>
[debug] [2019-06-07T21:20:58.528Z] <<< HTTP RESPONSE 200
[debug] [2019-06-07T21:20:58.565Z] >>> HTTP REQUEST POST https://cloudresourcemanager.googleapis.com/v1/projects/sakhro-art-prod:testIamPermissions  

[debug] [2019-06-07T21:20:59.666Z] <<< HTTP RESPONSE 200
[debug] [2019-06-07T21:20:59.668Z] >>> HTTP REQUEST GET https://firebase.googleapis.com/v1beta1/projects/sakhro-art-prod  
 
[debug] [2019-06-07T21:21:00.177Z] <<< HTTP RESPONSE 200
[info] 
[info] === Deploying to 'sakhro-art-prod'...
[info] 
[info] i  deploying hosting
[debug] [2019-06-07T21:21:00.183Z] >>> HTTP REQUEST POST https://firebasehosting.googleapis.com/v1beta1/sites/sakhro-art-prod/versions  

[debug] [2019-06-07T21:21:02.028Z] <<< HTTP RESPONSE 200
[info] i  hosting[sakhro-art-prod]: beginning deploy...
[info] i  hosting[sakhro-art-prod]: found 21 files in dist
[debug] [2019-06-07T21:21:02.039Z] [hosting] hash cache [ZGlzdA] load error: lines is not defined
[debug] [2019-06-07T21:21:02.284Z] [hosting] hash cache [ZGlzdA] stored for 21 files
[debug] [2019-06-07T21:21:02.284Z] [hosting][hash queue][FINAL]
[debug] [2019-06-07T21:21:02.284Z] >>> HTTP REQUEST POST https://firebasehosting.googleapis.com/v1beta1/sites/sakhro-art-prod/versions/d06883e7b55ef069:populateFiles  
 <request body omitted>
